0 info it worked if it ends with ok
1 verbose cli [ '/usr/bin/nodejs', '/usr/bin/npm', 'run', 'watch-js' ]
2 info using npm@4.0.3
3 info using node@v7.2.1
4 verbose run-script [ 'prewatch-js', 'watch-js', 'postwatch-js' ]
5 info lifecycle react-homework@1.0.0~prewatch-js: react-homework@1.0.0
6 silly lifecycle react-homework@1.0.0~prewatch-js: no script for prewatch-js, continuing
7 info lifecycle react-homework@1.0.0~watch-js: react-homework@1.0.0
8 verbose lifecycle react-homework@1.0.0~watch-js: unsafe-perm in lifecycle true
9 verbose lifecycle react-homework@1.0.0~watch-js: PATH: /usr/lib/node_modules/npm/bin/node-gyp-bin:/mnt/c/Users/Maxim/react-homework/node_modules/.bin:/usr/local/bin:/usr/bin:/bin:/usr/local/games:/usr/games
10 verbose lifecycle react-homework@1.0.0~watch-js: CWD: /mnt/c/Users/Maxim/react-homework
11 silly lifecycle react-homework@1.0.0~watch-js: Args: [ '-c',
11 silly lifecycle   '$(npm bin)/watchify js/main.js -o js/result.js -t babelify' ]
12 silly lifecycle react-homework@1.0.0~watch-js: Returned: code: 1  signal: null
13 info lifecycle react-homework@1.0.0~watch-js: Failed to exec watch-js script
14 verbose stack Error: react-homework@1.0.0 watch-js: `$(npm bin)/watchify js/main.js -o js/result.js -t babelify`
14 verbose stack Exit status 1
14 verbose stack     at EventEmitter.<anonymous> (/usr/lib/node_modules/npm/lib/utils/lifecycle.js:279:16)
14 verbose stack     at emitTwo (events.js:106:13)
14 verbose stack     at EventEmitter.emit (events.js:191:7)
14 verbose stack     at ChildProcess.<anonymous> (/usr/lib/node_modules/npm/lib/utils/spawn.js:40:14)
14 verbose stack     at emitTwo (events.js:106:13)
14 verbose stack     at ChildProcess.emit (events.js:191:7)
14 verbose stack     at maybeClose (internal/child_process.js:885:16)
14 verbose stack     at Process.ChildProcess._handle.onexit (internal/child_process.js:226:5)
15 verbose pkgid react-homework@1.0.0
16 verbose cwd /mnt/c/Users/Maxim/react-homework
17 error Linux 3.4.0+
18 error argv "/usr/bin/nodejs" "/usr/bin/npm" "run" "watch-js"
19 error node v7.2.1
20 error npm  v4.0.3
21 error code ELIFECYCLE
22 error react-homework@1.0.0 watch-js: `$(npm bin)/watchify js/main.js -o js/result.js -t babelify`
22 error Exit status 1
23 error Failed at the react-homework@1.0.0 watch-js script '$(npm bin)/watchify js/main.js -o js/result.js -t babelify'.
23 error Make sure you have the latest version of node.js and npm installed.
23 error If you do, this is most likely a problem with the react-homework package,
23 error not with npm itself.
23 error Tell the author that this fails on your system:
23 error     $(npm bin)/watchify js/main.js -o js/result.js -t babelify
23 error You can get information on how to open an issue for this project with:
23 error     npm bugs react-homework
23 error Or if that isn't available, you can get their info via:
23 error     npm owner ls react-homework
23 error There is likely additional logging output above.
24 verbose exit [ 1, true ]
